{"C:\\Users\\johnb\\OneDrive\\Documents\\GitHub\\role-fusion\\src\\__tests__\\test-utils.tsx": {"path":"C:\\Users\\johnb\\OneDrive\\Documents\\GitHub\\role-fusion\\src\\__tests__\\test-utils.tsx","statementMap":{"0":{"start":{"line":1,"column":0},"end":{"line":1,"column":63}},"1":{"start":{"line":2,"column":0},"end":{"line":2,"column":58}},"2":{"start":{"line":4,"column":24},"end":{"line":16,"column":1}},"3":{"start":{"line":5,"column":2},"end":{"line":15,"column":4}},"4":{"start":{"line":18,"column":21},"end":{"line":21,"column":57}},"5":{"start":{"line":21,"column":5},"end":{"line":21,"column":57}},"6":{"start":{"line":24,"column":25},"end":{"line":24,"column":31}},"7":{"start":{"line":23,"column":0},"end":{"line":23,"column":39}}},"fnMap":{"0":{"name":"(anonymous_4)","decl":{"start":{"line":4,"column":24},"end":{"line":4,"column":25}},"loc":{"start":{"line":4,"column":41},"end":{"line":16,"column":1}}},"1":{"name":"(anonymous_5)","decl":{"start":{"line":18,"column":21},"end":{"line":18,"column":null}},"loc":{"start":{"line":21,"column":5},"end":{"line":21,"column":57}}}},"branchMap":{},"s":{"0":1,"1":1,"2":1,"3":1,"4":1,"5":1,"6":1,"7":1},"f":{"0":1,"1":1},"b":{}}
,"C:\\Users\\johnb\\OneDrive\\Documents\\GitHub\\role-fusion\\src\\components\\RoleProvider.tsx": {"path":"C:\\Users\\johnb\\OneDrive\\Documents\\GitHub\\role-fusion\\src\\components\\RoleProvider.tsx","statementMap":{"0":{"start":{"line":1,"column":0},"end":{"line":1,"column":44}},"1":{"start":{"line":2,"column":0},"end":{"line":2,"column":54}},"2":{"start":{"line":14,"column":28},"end":{"line":34,"column":1}},"3":{"start":{"line":15,"column":40},"end":{"line":15,"column":61}},"4":{"start":{"line":17,"column":24},"end":{"line":20,"column":3}},"5":{"start":{"line":18,"column":17},"end":{"line":18,"column":35}},"6":{"start":{"line":19,"column":4},"end":{"line":19,"column":59}},"7":{"start":{"line":22,"column":2},"end":{"line":33,"column":4}},"8":{"start":{"line":14,"column":13},"end":{"line":14,"column":28}}},"fnMap":{"0":{"name":"(anonymous_0)","decl":{"start":{"line":14,"column":28},"end":{"line":14,"column":29}},"loc":{"start":{"line":14,"column":84},"end":{"line":34,"column":1}}},"1":{"name":"(anonymous_1)","decl":{"start":{"line":17,"column":24},"end":{"line":17,"column":25}},"loc":{"start":{"line":17,"column":56},"end":{"line":20,"column":3}}}},"branchMap":{"0":{"loc":{"start":{"line":19,"column":11},"end":{"line":19,"column":58}},"type":"cond-expr","locations":[{"start":{"line":19,"column":49},"end":{"line":19,"column":53}},{"start":{"line":19,"column":53},"end":{"line":19,"column":58}}]},"1":{"loc":{"start":{"line":19,"column":11},"end":{"line":19,"column":53}},"type":"binary-expr","locations":[{"start":{"line":19,"column":11},"end":{"line":19,"column":53}},{"start":{"line":19,"column":49},"end":{"line":19,"column":53}}]},"2":{"loc":{"start":{"line":19,"column":11},"end":{"line":19,"column":49}},"type":"cond-expr","locations":[{"start":{"line":19,"column":15},"end":{"line":19,"column":17}},{"start":{"line":19,"column":11},"end":{"line":19,"column":49}}]},"3":{"loc":{"start":{"line":19,"column":11},"end":{"line":19,"column":17}},"type":"binary-expr","locations":[{"start":{"line":19,"column":11},"end":{"line":19,"column":17}},{"start":{"line":19,"column":11},"end":{"line":19,"column":17}}]},"4":{"loc":{"start":{"line":28,"column":21},"end":{"line":28,"column":58}},"type":"binary-expr","locations":[{"start":{"line":28,"column":21},"end":{"line":28,"column":52}},{"start":{"line":28,"column":56},"end":{"line":28,"column":58}}]},"5":{"loc":{"start":{"line":28,"column":21},"end":{"line":28,"column":52}},"type":"cond-expr","locations":[{"start":{"line":28,"column":39},"end":{"line":28,"column":41}},{"start":{"line":28,"column":39},"end":{"line":28,"column":52}}]},"6":{"loc":{"start":{"line":28,"column":21},"end":{"line":28,"column":41}},"type":"binary-expr","locations":[{"start":{"line":28,"column":21},"end":{"line":28,"column":41}},{"start":{"line":28,"column":39},"end":{"line":28,"column":41}}]}},"s":{"0":2,"1":2,"2":2,"3":4,"4":4,"5":5,"6":5,"7":4,"8":2},"f":{"0":4,"1":5},"b":{"0":[5,0],"1":[5,5],"2":[0,5],"3":[5,5],"4":[4,0],"5":[0,4],"6":[4,4]}}
,"C:\\Users\\johnb\\OneDrive\\Documents\\GitHub\\role-fusion\\src\\components\\auth\\AuthLayout.tsx": {"path":"C:\\Users\\johnb\\OneDrive\\Documents\\GitHub\\role-fusion\\src\\components\\auth\\AuthLayout.tsx","statementMap":{"0":{"start":{"line":11,"column":0},"end":{"line":11,"column":16}},"1":{"start":{"line":3,"column":0},"end":{"line":3,"column":40}},"2":{"start":{"line":12,"column":2},"end":{"line":41,"column":4}}},"fnMap":{"0":{"name":"AuthLayout","decl":{"start":{"line":11,"column":16},"end":{"line":11,"column":26}},"loc":{"start":{"line":11,"column":76},"end":{"line":42,"column":1}}}},"branchMap":{"0":{"loc":{"start":{"line":28,"column":13},"end":{"line":31,"column":null}},"type":"binary-expr","locations":[{"start":{"line":28,"column":13},"end":{"line":28,"column":24}},{"start":{"line":29,"column":14},"end":{"line":30,"column":null}}]}},"s":{"0":0,"1":0,"2":0},"f":{"0":0},"b":{"0":[0,0]}}
,"C:\\Users\\johnb\\OneDrive\\Documents\\GitHub\\role-fusion\\src\\components\\layout\\PageTitle.tsx": {"path":"C:\\Users\\johnb\\OneDrive\\Documents\\GitHub\\role-fusion\\src\\components\\layout\\PageTitle.tsx","statementMap":{"0":{"start":{"line":8,"column":0},"end":{"line":8,"column":16}},"1":{"start":{"line":10,"column":19},"end":{"line":17,"column":3}},"2":{"start":{"line":11,"column":4},"end":{"line":11,"column":41}},"3":{"start":{"line":11,"column":22},"end":{"line":11,"column":41}},"4":{"start":{"line":14,"column":4},"end":{"line":16,"column":31}},"5":{"start":{"line":15,"column":6},"end":{"line":15,"column":50}},"6":{"start":{"line":19,"column":16},"end":{"line":19,"column":34}},"7":{"start":{"line":21,"column":2},"end":{"line":28,"column":4}}},"fnMap":{"0":{"name":"PageTitle","decl":{"start":{"line":8,"column":16},"end":{"line":8,"column":25}},"loc":{"start":{"line":8,"column":54},"end":{"line":29,"column":1}}},"1":{"name":"(anonymous_1)","decl":{"start":{"line":10,"column":19},"end":{"line":10,"column":20}},"loc":{"start":{"line":10,"column":36},"end":{"line":17,"column":3}}},"2":{"name":"(anonymous_2)","decl":{"start":{"line":14,"column":49},"end":{"line":14,"column":53}},"loc":{"start":{"line":15,"column":6},"end":{"line":15,"column":50}}}},"branchMap":{"0":{"loc":{"start":{"line":11,"column":4},"end":{"line":11,"column":41}},"type":"if","locations":[{"start":{"line":11,"column":4},"end":{"line":11,"column":41}}]},"1":{"loc":{"start":{"line":14,"column":11},"end":{"line":16,"column":30}},"type":"binary-expr","locations":[{"start":{"line":14,"column":11},"end":{"line":16,"column":15}},{"start":{"line":16,"column":19},"end":{"line":16,"column":30}}]},"2":{"loc":{"start":{"line":14,"column":11},"end":{"line":16,"column":15}},"type":"cond-expr","locations":[{"start":{"line":14,"column":32},"end":{"line":14,"column":34}},{"start":{"line":14,"column":32},"end":{"line":16,"column":15}}]},"3":{"loc":{"start":{"line":14,"column":11},"end":{"line":14,"column":34}},"type":"binary-expr","locations":[{"start":{"line":14,"column":11},"end":{"line":14,"column":34}},{"start":{"line":14,"column":32},"end":{"line":14,"column":34}}]}},"s":{"0":0,"1":0,"2":0,"3":0,"4":0,"5":0,"6":0,"7":0},"f":{"0":0,"1":0,"2":0},"b":{"0":[0],"1":[0,0],"2":[0,0],"3":[0,0]}}
,"C:\\Users\\johnb\\OneDrive\\Documents\\GitHub\\role-fusion\\src\\components\\theme\\ThemeProvider.tsx": {"path":"C:\\Users\\johnb\\OneDrive\\Documents\\GitHub\\role-fusion\\src\\components\\theme\\ThemeProvider.tsx","statementMap":{"0":{"start":{"line":24,"column":0},"end":{"line":24,"column":16}},"1":{"start":{"line":2,"column":0},"end":{"line":2,"column":71}},"2":{"start":{"line":17,"column":41},"end":{"line":20,"column":2}},"3":{"start":{"line":19,"column":18},"end":{"line":19,"column":22}},"4":{"start":{"line":22,"column":29},"end":{"line":22,"column":76}},"5":{"start":{"line":27,"column":22},"end":{"line":27,"column":null}},"6":{"start":{"line":28,"column":10},"end":{"line":29,"column":21}},"7":{"start":{"line":30,"column":28},"end":{"line":31,"column":null}},"8":{"start":{"line":31,"column":11},"end":{"line":31,"column":69}},"9":{"start":{"line":34,"column":2},"end":{"line":50,"column":14}},"10":{"start":{"line":35,"column":17},"end":{"line":35,"column":48}},"11":{"start":{"line":37,"column":4},"end":{"line":37,"column":43}},"12":{"start":{"line":39,"column":4},"end":{"line":47,"column":5}},"13":{"start":{"line":40,"column":26},"end":{"line":43,"column":17}},"14":{"start":{"line":45,"column":6},"end":{"line":45,"column":38}},"15":{"start":{"line":46,"column":6},"end":{"line":46,"column":13}},"16":{"start":{"line":49,"column":4},"end":{"line":49,"column":30}},"17":{"start":{"line":52,"column":16},"end":{"line":58,"column":4}},"18":{"start":{"line":55,"column":6},"end":{"line":55,"column":46}},"19":{"start":{"line":56,"column":6},"end":{"line":56,"column":22}},"20":{"start":{"line":60,"column":2},"end":{"line":64,"column":4}},"21":{"start":{"line":67,"column":24},"end":{"line":74,"column":1}},"22":{"start":{"line":68,"column":18},"end":{"line":68,"column":50}},"23":{"start":{"line":70,"column":2},"end":{"line":71,"column":68}},"24":{"start":{"line":71,"column":4},"end":{"line":71,"column":68}},"25":{"start":{"line":73,"column":2},"end":{"line":73,"column":17}},"26":{"start":{"line":67,"column":13},"end":{"line":67,"column":24}}},"fnMap":{"0":{"name":"(anonymous_1)","decl":{"start":{"line":19,"column":12},"end":{"line":19,"column":15}},"loc":{"start":{"line":19,"column":18},"end":{"line":19,"column":22}}},"1":{"name":"ThemeProvider","decl":{"start":{"line":24,"column":16},"end":{"line":24,"column":29}},"loc":{"start":{"line":29,"column":21},"end":{"line":65,"column":1}}},"2":{"name":"(anonymous_3)","decl":{"start":{"line":31,"column":4},"end":{"line":31,"column":7}},"loc":{"start":{"line":31,"column":11},"end":{"line":31,"column":69}}},"3":{"name":"(anonymous_4)","decl":{"start":{"line":34,"column":12},"end":{"line":34,"column":15}},"loc":{"start":{"line":34,"column":17},"end":{"line":50,"column":3}}},"4":{"name":"(anonymous_5)","decl":{"start":{"line":54,"column":14},"end":{"line":54,"column":15}},"loc":{"start":{"line":54,"column":31},"end":{"line":57,"column":5}}},"5":{"name":"(anonymous_6)","decl":{"start":{"line":67,"column":24},"end":{"line":67,"column":27}},"loc":{"start":{"line":67,"column":29},"end":{"line":74,"column":1}}}},"branchMap":{"0":{"loc":{"start":{"line":26,"column":2},"end":{"line":26,"column":25}},"type":"default-arg","locations":[{"start":{"line":26,"column":17},"end":{"line":26,"column":25}}]},"1":{"loc":{"start":{"line":27,"column":2},"end":{"line":27,"column":22}},"type":"default-arg","locations":[{"start":{"line":27,"column":15},"end":{"line":27,"column":22}}]},"2":{"loc":{"start":{"line":31,"column":11},"end":{"line":31,"column":69}},"type":"binary-expr","locations":[{"start":{"line":31,"column":11},"end":{"line":31,"column":53}},{"start":{"line":31,"column":57},"end":{"line":31,"column":69}}]},"3":{"loc":{"start":{"line":39,"column":4},"end":{"line":47,"column":5}},"type":"if","locations":[{"start":{"line":39,"column":4},"end":{"line":47,"column":5}}]},"4":{"loc":{"start":{"line":40,"column":26},"end":{"line":43,"column":17}},"type":"cond-expr","locations":[{"start":{"line":42,"column":10},"end":{"line":42,"column":16}},{"start":{"line":43,"column":10},"end":{"line":43,"column":17}}]},"5":{"loc":{"start":{"line":70,"column":2},"end":{"line":71,"column":68}},"type":"if","locations":[{"start":{"line":70,"column":2},"end":{"line":71,"column":68}}]}},"s":{"0":0,"1":0,"2":0,"3":0,"4":0,"5":0,"6":0,"7":0,"8":0,"9":0,"10":0,"11":0,"12":0,"13":0,"14":0,"15":0,"16":0,"17":0,"18":0,"19":0,"20":0,"21":0,"22":0,"23":0,"24":0,"25":0,"26":0},"f":{"0":0,"1":0,"2":0,"3":0,"4":0,"5":0},"b":{"0":[0],"1":[0],"2":[0,0],"3":[0],"4":[0,0],"5":[0]}}
,"C:\\Users\\johnb\\OneDrive\\Documents\\GitHub\\role-fusion\\src\\components\\ui\\aspect-ratio.tsx": {"path":"C:\\Users\\johnb\\OneDrive\\Documents\\GitHub\\role-fusion\\src\\components\\ui\\aspect-ratio.tsx","statementMap":{"0":{"start":{"line":1,"column":0},"end":{"line":1,"column":68}},"1":{"start":{"line":3,"column":20},"end":{"line":3,"column":45}},"2":{"start":{"line":5,"column":9},"end":{"line":5,"column":20}}},"fnMap":{},"branchMap":{},"s":{"0":0,"1":0,"2":0},"f":{},"b":{}}
,"C:\\Users\\johnb\\OneDrive\\Documents\\GitHub\\role-fusion\\src\\components\\ui\\collapsible.tsx": {"path":"C:\\Users\\johnb\\OneDrive\\Documents\\GitHub\\role-fusion\\src\\components\\ui\\collapsible.tsx","statementMap":{"0":{"start":{"line":1,"column":0},"end":{"line":1,"column":67}},"1":{"start":{"line":3,"column":20},"end":{"line":3,"column":45}},"2":{"start":{"line":9,"column":9},"end":{"line":9,"column":20}},"3":{"start":{"line":5,"column":27},"end":{"line":5,"column":66}},"4":{"start":{"line":9,"column":22},"end":{"line":9,"column":40}},"5":{"start":{"line":7,"column":27},"end":{"line":7,"column":66}},"6":{"start":{"line":9,"column":42},"end":{"line":9,"column":60}}},"fnMap":{},"branchMap":{},"s":{"0":0,"1":0,"2":0,"3":0,"4":0,"5":0,"6":0},"f":{},"b":{}}
,"C:\\Users\\johnb\\OneDrive\\Documents\\GitHub\\role-fusion\\src\\components\\ui\\sonner.tsx": {"path":"C:\\Users\\johnb\\OneDrive\\Documents\\GitHub\\role-fusion\\src\\components\\ui\\sonner.tsx","statementMap":{"0":{"start":{"line":1,"column":0},"end":{"line":1,"column":38}},"1":{"start":{"line":2,"column":0},"end":{"line":2,"column":42}},"2":{"start":{"line":6,"column":16},"end":{"line":27,"column":1}},"3":{"start":{"line":6,"column":27},"end":{"line":6,"column":43}},"4":{"start":{"line":7,"column":31},"end":{"line":7,"column":41}},"5":{"start":{"line":9,"column":2},"end":{"line":26,"column":null}},"6":{"start":{"line":29,"column":9},"end":{"line":29,"column":16}}},"fnMap":{"0":{"name":"(anonymous_1)","decl":{"start":{"line":6,"column":16},"end":{"line":6,"column":17}},"loc":{"start":{"line":6,"column":47},"end":{"line":27,"column":1}}}},"branchMap":{"0":{"loc":{"start":{"line":7,"column":10},"end":{"line":7,"column":26}},"type":"default-arg","locations":[{"start":{"line":7,"column":18},"end":{"line":7,"column":26}}]}},"s":{"0":0,"1":0,"2":0,"3":0,"4":0,"5":0,"6":0},"f":{"0":0},"b":{"0":[0]}}
,"C:\\Users\\johnb\\OneDrive\\Documents\\GitHub\\role-fusion\\src\\contexts\\RoleContext.ts": {"path":"C:\\Users\\johnb\\OneDrive\\Documents\\GitHub\\role-fusion\\src\\contexts\\RoleContext.ts","statementMap":{"0":{"start":{"line":1,"column":0},"end":{"line":1,"column":38}},"1":{"start":{"line":10,"column":13},"end":{"line":10,"column":71}}},"fnMap":{},"branchMap":{},"s":{"0":2,"1":2},"f":{},"b":{}}
,"C:\\Users\\johnb\\OneDrive\\Documents\\GitHub\\role-fusion\\src\\hooks\\use-mobile.tsx": {"path":"C:\\Users\\johnb\\OneDrive\\Documents\\GitHub\\role-fusion\\src\\hooks\\use-mobile.tsx","statementMap":{"0":{"start":{"line":5,"column":0},"end":{"line":5,"column":16}},"1":{"start":{"line":1,"column":0},"end":{"line":1,"column":30}},"2":{"start":{"line":3,"column":26},"end":{"line":3,"column":29}},"3":{"start":{"line":6,"column":34},"end":{"line":6,"column":80}},"4":{"start":{"line":8,"column":2},"end":{"line":16,"column":null}},"5":{"start":{"line":9,"column":16},"end":{"line":9,"column":76}},"6":{"start":{"line":10,"column":21},"end":{"line":12,"column":5}},"7":{"start":{"line":11,"column":6},"end":{"line":11,"column":null}},"8":{"start":{"line":13,"column":4},"end":{"line":13,"column":null}},"9":{"start":{"line":14,"column":4},"end":{"line":14,"column":null}},"10":{"start":{"line":15,"column":4},"end":{"line":15,"column":null}},"11":{"start":{"line":15,"column":17},"end":{"line":15,"column":60}},"12":{"start":{"line":18,"column":2},"end":{"line":18,"column":null}}},"fnMap":{"0":{"name":"useIsMobile","decl":{"start":{"line":5,"column":16},"end":{"line":5,"column":27}},"loc":{"start":{"line":5,"column":27},"end":{"line":19,"column":1}}},"1":{"name":"(anonymous_10)","decl":{"start":{"line":8,"column":18},"end":{"line":8,"column":21}},"loc":{"start":{"line":8,"column":23},"end":{"line":16,"column":3}}},"2":{"name":"(anonymous_11)","decl":{"start":{"line":10,"column":21},"end":{"line":10,"column":24}},"loc":{"start":{"line":10,"column":26},"end":{"line":12,"column":5}}},"3":{"name":"(anonymous_12)","decl":{"start":{"line":15,"column":11},"end":{"line":15,"column":14}},"loc":{"start":{"line":15,"column":17},"end":{"line":15,"column":60}}}},"branchMap":{},"s":{"0":0,"1":0,"2":0,"3":0,"4":0,"5":0,"6":0,"7":0,"8":0,"9":0,"10":0,"11":0,"12":0},"f":{"0":0,"1":0,"2":0,"3":0},"b":{}}
,"C:\\Users\\johnb\\OneDrive\\Documents\\GitHub\\role-fusion\\src\\hooks\\useRole.ts": {"path":"C:\\Users\\johnb\\OneDrive\\Documents\\GitHub\\role-fusion\\src\\hooks\\useRole.ts","statementMap":{"0":{"start":{"line":1,"column":0},"end":{"line":1,"column":35}},"1":{"start":{"line":2,"column":0},"end":{"line":2,"column":71}},"2":{"start":{"line":4,"column":23},"end":{"line":12,"column":1}},"3":{"start":{"line":5,"column":18},"end":{"line":5,"column":41}},"4":{"start":{"line":7,"column":2},"end":{"line":9,"column":3}},"5":{"start":{"line":8,"column":4},"end":{"line":8,"column":66}},"6":{"start":{"line":11,"column":2},"end":{"line":11,"column":17}},"7":{"start":{"line":4,"column":13},"end":{"line":4,"column":23}}},"fnMap":{"0":{"name":"(anonymous_0)","decl":{"start":{"line":4,"column":23},"end":{"line":4,"column":43}},"loc":{"start":{"line":4,"column":45},"end":{"line":12,"column":1}}}},"branchMap":{"0":{"loc":{"start":{"line":7,"column":2},"end":{"line":9,"column":3}},"type":"if","locations":[{"start":{"line":7,"column":2},"end":{"line":9,"column":3}}]}},"s":{"0":2,"1":2,"2":2,"3":4,"4":4,"5":0,"6":4,"7":2},"f":{"0":4},"b":{"0":[0]}}
,"C:\\Users\\johnb\\OneDrive\\Documents\\GitHub\\role-fusion\\src\\lib\\api.ts": {"path":"C:\\Users\\johnb\\OneDrive\\Documents\\GitHub\\role-fusion\\src\\lib\\api.ts","statementMap":{"0":{"start":{"line":7,"column":0},"end":{"line":7,"column":22}},"1":{"start":{"line":2,"column":0},"end":{"line":2,"column":38}},"2":{"start":{"line":4,"column":16},"end":{"line":4,"column":44}},"3":{"start":{"line":8,"column":2},"end":{"line":41,"column":null}},"4":{"start":{"line":11,"column":20},"end":{"line":11,"column":34}},"5":{"start":{"line":13,"column":18},"end":{"line":13,"column":46}},"6":{"start":{"line":15,"column":2},"end":{"line":17,"column":3}},"7":{"start":{"line":16,"column":4},"end":{"line":16,"column":52}},"8":{"start":{"line":19,"column":2},"end":{"line":19,"column":50}},"9":{"start":{"line":21,"column":19},"end":{"line":23,"column":null}},"10":{"start":{"line":28,"column":2},"end":{"line":34,"column":3}},"11":{"start":{"line":29,"column":4},"end":{"line":29,"column":37}},"12":{"start":{"line":30,"column":9},"end":{"line":34,"column":3}},"13":{"start":{"line":31,"column":4},"end":{"line":31,"column":41}},"14":{"start":{"line":32,"column":9},"end":{"line":34,"column":3}},"15":{"start":{"line":33,"column":4},"end":{"line":33,"column":41}},"16":{"start":{"line":36,"column":2},"end":{"line":38,"column":3}},"17":{"start":{"line":37,"column":4},"end":{"line":37,"column":76}},"18":{"start":{"line":40,"column":2},"end":{"line":40,"column":25}},"19":{"start":{"line":55,"column":13},"end":{"line":70,"column":2}},"20":{"start":{"line":56,"column":50},"end":{"line":63,"column":4}},"21":{"start":{"line":72,"column":13},"end":{"line":95,"column":2}},"22":{"start":{"line":73,"column":50},"end":{"line":88,"column":4}},"23":{"start":{"line":97,"column":13},"end":{"line":113,"column":2}},"24":{"start":{"line":98,"column":50},"end":{"line":106,"column":4}},"25":{"start":{"line":116,"column":26},"end":{"line":125,"column":2}},"26":{"start":{"line":122,"column":37},"end":{"line":125,"column":2}},"27":{"start":{"line":123,"column":19},"end":{"line":123,"column":126}},"28":{"start":{"line":124,"column":2},"end":{"line":124,"column":52}},"29":{"start":{"line":116,"column":13},"end":{"line":116,"column":26}},"30":{"start":{"line":127,"column":30},"end":{"line":135,"column":2}},"31":{"start":{"line":132,"column":37},"end":{"line":135,"column":2}},"32":{"start":{"line":133,"column":19},"end":{"line":133,"column":99}},"33":{"start":{"line":134,"column":2},"end":{"line":134,"column":52}},"34":{"start":{"line":127,"column":13},"end":{"line":127,"column":30}},"35":{"start":{"line":137,"column":29},"end":{"line":146,"column":2}},"36":{"start":{"line":143,"column":37},"end":{"line":146,"column":2}},"37":{"start":{"line":144,"column":19},"end":{"line":144,"column":125}},"38":{"start":{"line":145,"column":2},"end":{"line":145,"column":52}},"39":{"start":{"line":137,"column":13},"end":{"line":137,"column":29}}},"fnMap":{"0":{"name":"fetchApi","decl":{"start":{"line":7,"column":22},"end":{"line":7,"column":30}},"loc":{"start":{"line":7,"column":30},"end":{"line":41,"column":null}}},"1":{"name":"(anonymous_8)","decl":{"start":{"line":8,"column":2},"end":{"line":8,"column":18}},"loc":{"start":{"line":9,"column":27},"end":{"line":41,"column":1}}},"2":{"name":"(anonymous_9)","decl":{"start":{"line":56,"column":39},"end":{"line":56,"column":40}},"loc":{"start":{"line":56,"column":50},"end":{"line":63,"column":4}}},"3":{"name":"(anonymous_10)","decl":{"start":{"line":73,"column":39},"end":{"line":73,"column":40}},"loc":{"start":{"line":73,"column":50},"end":{"line":88,"column":4}}},"4":{"name":"(anonymous_11)","decl":{"start":{"line":98,"column":39},"end":{"line":98,"column":40}},"loc":{"start":{"line":98,"column":50},"end":{"line":106,"column":4}}},"5":{"name":"(anonymous_12)","decl":{"start":{"line":116,"column":26},"end":{"line":116,"column":null}},"loc":{"start":{"line":122,"column":37},"end":{"line":125,"column":2}}},"6":{"name":"(anonymous_13)","decl":{"start":{"line":122,"column":37},"end":{"line":122,"column":null}},"loc":{"start":{"line":121,"column":23},"end":{"line":125,"column":1}}},"7":{"name":"(anonymous_14)","decl":{"start":{"line":127,"column":30},"end":{"line":127,"column":null}},"loc":{"start":{"line":132,"column":37},"end":{"line":135,"column":2}}},"8":{"name":"(anonymous_15)","decl":{"start":{"line":132,"column":37},"end":{"line":132,"column":null}},"loc":{"start":{"line":131,"column":13},"end":{"line":135,"column":1}}},"9":{"name":"(anonymous_16)","decl":{"start":{"line":137,"column":29},"end":{"line":137,"column":null}},"loc":{"start":{"line":143,"column":37},"end":{"line":146,"column":2}}},"10":{"name":"(anonymous_17)","decl":{"start":{"line":143,"column":37},"end":{"line":143,"column":null}},"loc":{"start":{"line":142,"column":23},"end":{"line":146,"column":1}}}},"branchMap":{"0":{"loc":{"start":{"line":9,"column":2},"end":{"line":9,"column":27}},"type":"default-arg","locations":[{"start":{"line":9,"column":25},"end":{"line":9,"column":27}}]},"1":{"loc":{"start":{"line":15,"column":2},"end":{"line":17,"column":3}},"type":"if","locations":[{"start":{"line":15,"column":2},"end":{"line":17,"column":3}}]},"2":{"loc":{"start":{"line":28,"column":2},"end":{"line":34,"column":3}},"type":"if","locations":[{"start":{"line":28,"column":2},"end":{"line":34,"column":3}},{"start":{"line":30,"column":9},"end":{"line":34,"column":3}}]},"3":{"loc":{"start":{"line":30,"column":9},"end":{"line":34,"column":3}},"type":"if","locations":[{"start":{"line":30,"column":9},"end":{"line":34,"column":3}},{"start":{"line":32,"column":9},"end":{"line":34,"column":3}}]},"4":{"loc":{"start":{"line":32,"column":9},"end":{"line":34,"column":3}},"type":"if","locations":[{"start":{"line":32,"column":9},"end":{"line":34,"column":3}}]},"5":{"loc":{"start":{"line":36,"column":2},"end":{"line":38,"column":3}},"type":"if","locations":[{"start":{"line":36,"column":2},"end":{"line":38,"column":3}}]},"6":{"loc":{"start":{"line":60,"column":10},"end":{"line":60,"column":40}},"type":"cond-expr","locations":[{"start":{"line":60,"column":24},"end":{"line":60,"column":31}},{"start":{"line":60,"column":34},"end":{"line":60,"column":40}}]},"7":{"loc":{"start":{"line":61,"column":12},"end":{"line":61,"column":73}},"type":"cond-expr","locations":[{"start":{"line":61,"column":26},"end":{"line":61,"column":34}},{"start":{"line":61,"column":37},"end":{"line":61,"column":73}}]},"8":{"loc":{"start":{"line":61,"column":37},"end":{"line":61,"column":73}},"type":"cond-expr","locations":[{"start":{"line":61,"column":51},"end":{"line":61,"column":61}},{"start":{"line":61,"column":64},"end":{"line":61,"column":73}}]},"9":{"loc":{"start":{"line":77,"column":12},"end":{"line":77,"column":100}},"type":"cond-expr","locations":[{"start":{"line":77,"column":26},"end":{"line":77,"column":36}},{"start":{"line":77,"column":39},"end":{"line":77,"column":100}}]},"10":{"loc":{"start":{"line":77,"column":39},"end":{"line":77,"column":100}},"type":"cond-expr","locations":[{"start":{"line":77,"column":53},"end":{"line":77,"column":63}},{"start":{"line":77,"column":66},"end":{"line":77,"column":100}}]},"11":{"loc":{"start":{"line":77,"column":66},"end":{"line":77,"column":100}},"type":"cond-expr","locations":[{"start":{"line":77,"column":80},"end":{"line":77,"column":89}},{"start":{"line":77,"column":92},"end":{"line":77,"column":100}}]},"12":{"loc":{"start":{"line":81,"column":17},"end":{"line":81,"column":61}},"type":"cond-expr","locations":[{"start":{"line":81,"column":31},"end":{"line":81,"column":40}},{"start":{"line":81,"column":43},"end":{"line":81,"column":61}}]},"13":{"loc":{"start":{"line":117,"column":2},"end":{"line":117,"column":10}},"type":"default-arg","locations":[{"start":{"line":117,"column":9},"end":{"line":117,"column":10}}]},"14":{"loc":{"start":{"line":118,"column":2},"end":{"line":118,"column":15}},"type":"default-arg","locations":[{"start":{"line":118,"column":13},"end":{"line":118,"column":15}}]},"15":{"loc":{"start":{"line":119,"column":2},"end":{"line":119,"column":13}},"type":"default-arg","locations":[{"start":{"line":119,"column":11},"end":{"line":119,"column":13}}]},"16":{"loc":{"start":{"line":120,"column":2},"end":{"line":120,"column":17}},"type":"default-arg","locations":[{"start":{"line":120,"column":11},"end":{"line":120,"column":17}}]},"17":{"loc":{"start":{"line":121,"column":2},"end":{"line":121,"column":23}},"type":"default-arg","locations":[{"start":{"line":121,"column":18},"end":{"line":121,"column":23}}]},"18":{"loc":{"start":{"line":128,"column":2},"end":{"line":128,"column":10}},"type":"default-arg","locations":[{"start":{"line":128,"column":9},"end":{"line":128,"column":10}}]},"19":{"loc":{"start":{"line":129,"column":2},"end":{"line":129,"column":15}},"type":"default-arg","locations":[{"start":{"line":129,"column":13},"end":{"line":129,"column":15}}]},"20":{"loc":{"start":{"line":130,"column":2},"end":{"line":130,"column":13}},"type":"default-arg","locations":[{"start":{"line":130,"column":11},"end":{"line":130,"column":13}}]},"21":{"loc":{"start":{"line":131,"column":2},"end":{"line":131,"column":13}},"type":"default-arg","locations":[{"start":{"line":131,"column":11},"end":{"line":131,"column":13}}]},"22":{"loc":{"start":{"line":138,"column":2},"end":{"line":138,"column":10}},"type":"default-arg","locations":[{"start":{"line":138,"column":9},"end":{"line":138,"column":10}}]},"23":{"loc":{"start":{"line":139,"column":2},"end":{"line":139,"column":15}},"type":"default-arg","locations":[{"start":{"line":139,"column":13},"end":{"line":139,"column":15}}]},"24":{"loc":{"start":{"line":140,"column":2},"end":{"line":140,"column":13}},"type":"default-arg","locations":[{"start":{"line":140,"column":11},"end":{"line":140,"column":13}}]},"25":{"loc":{"start":{"line":141,"column":2},"end":{"line":141,"column":17}},"type":"default-arg","locations":[{"start":{"line":141,"column":11},"end":{"line":141,"column":17}}]},"26":{"loc":{"start":{"line":142,"column":2},"end":{"line":142,"column":23}},"type":"default-arg","locations":[{"start":{"line":142,"column":18},"end":{"line":142,"column":23}}]}},"s":{"0":0,"1":0,"2":0,"3":0,"4":0,"5":0,"6":0,"7":0,"8":0,"9":0,"10":0,"11":0,"12":0,"13":0,"14":0,"15":0,"16":0,"17":0,"18":0,"19":0,"20":0,"21":0,"22":0,"23":0,"24":0,"25":0,"26":0,"27":0,"28":0,"29":0,"30":0,"31":0,"32":0,"33":0,"34":0,"35":0,"36":0,"37":0,"38":0,"39":0},"f":{"0":0,"1":0,"2":0,"3":0,"4":0,"5":0,"6":0,"7":0,"8":0,"9":0,"10":0},"b":{"0":[0],"1":[0],"2":[0,0],"3":[0,0],"4":[0],"5":[0],"6":[0,0],"7":[0,0],"8":[0,0],"9":[0,0],"10":[0,0],"11":[0,0],"12":[0,0],"13":[0],"14":[0],"15":[0],"16":[0],"17":[0],"18":[0],"19":[0],"20":[0],"21":[0],"22":[0],"23":[0],"24":[0],"25":[0],"26":[0]}}
,"C:\\Users\\johnb\\OneDrive\\Documents\\GitHub\\role-fusion\\src\\lib\\auth.ts": {"path":"C:\\Users\\johnb\\OneDrive\\Documents\\GitHub\\role-fusion\\src\\lib\\auth.ts","statementMap":{"0":{"start":{"line":1,"column":0},"end":{"line":1,"column":31}},"1":{"start":{"line":18,"column":18},"end":{"line":40,"column":12}},"2":{"start":{"line":43,"column":28},"end":{"line":60,"column":1}},"3":{"start":{"line":44,"column":2},"end":{"line":59,"column":3}},"4":{"start":{"line":45,"column":21},"end":{"line":45,"column":49}},"5":{"start":{"line":46,"column":4},"end":{"line":48,"column":5}},"6":{"start":{"line":47,"column":6},"end":{"line":47,"column":65}},"7":{"start":{"line":50,"column":28},"end":{"line":50,"column":48}},"8":{"start":{"line":51,"column":4},"end":{"line":55,"column":6}},"9":{"start":{"line":57,"column":4},"end":{"line":57,"column":54}},"10":{"start":{"line":58,"column":4},"end":{"line":58,"column":63}},"11":{"start":{"line":43,"column":13},"end":{"line":43,"column":28}},"12":{"start":{"line":63,"column":31},"end":{"line":65,"column":1}},"13":{"start":{"line":64,"column":2},"end":{"line":64,"column":40}},"14":{"start":{"line":63,"column":13},"end":{"line":63,"column":31}},"15":{"start":{"line":68,"column":30},"end":{"line":70,"column":1}},"16":{"start":{"line":69,"column":2},"end":{"line":69,"column":29}},"17":{"start":{"line":68,"column":13},"end":{"line":68,"column":30}},"18":{"start":{"line":73,"column":23},"end":{"line":87,"column":1}},"19":{"start":{"line":74,"column":19},"end":{"line":74,"column":33}},"20":{"start":{"line":75,"column":2},"end":{"line":75,"column":26}},"21":{"start":{"line":75,"column":13},"end":{"line":75,"column":26}},"22":{"start":{"line":78,"column":2},"end":{"line":78,"column":41}},"23":{"start":{"line":78,"column":29},"end":{"line":78,"column":41}},"24":{"start":{"line":81,"column":2},"end":{"line":81,"column":86}},"25":{"start":{"line":81,"column":74},"end":{"line":81,"column":86}},"26":{"start":{"line":84,"column":2},"end":{"line":84,"column":59}},"27":{"start":{"line":84,"column":47},"end":{"line":84,"column":59}},"28":{"start":{"line":86,"column":2},"end":{"line":86,"column":28}},"29":{"start":{"line":73,"column":13},"end":{"line":73,"column":23}},"30":{"start":{"line":90,"column":29},"end":{"line":107,"column":1}},"31":{"start":{"line":91,"column":19},"end":{"line":91,"column":33}},"32":{"start":{"line":92,"column":2},"end":{"line":92,"column":26}},"33":{"start":{"line":92,"column":13},"end":{"line":92,"column":26}},"34":{"start":{"line":94,"column":27},"end":{"line":94,"column":103}},"35":{"start":{"line":95,"column":29},"end":{"line":95,"column":95}},"36":{"start":{"line":96,"column":26},"end":{"line":96,"column":44}},"37":{"start":{"line":98,"column":2},"end":{"line":104,"column":3}},"38":{"start":{"line":99,"column":4},"end":{"line":99,"column":49}},"39":{"start":{"line":100,"column":9},"end":{"line":104,"column":3}},"40":{"start":{"line":101,"column":4},"end":{"line":101,"column":51}},"41":{"start":{"line":102,"column":9},"end":{"line":104,"column":3}},"42":{"start":{"line":103,"column":4},"end":{"line":103,"column":48}},"43":{"start":{"line":106,"column":2},"end":{"line":106,"column":15}},"44":{"start":{"line":90,"column":13},"end":{"line":90,"column":29}},"45":{"start":{"line":110,"column":21},"end":{"line":134,"column":2}},"46":{"start":{"line":110,"column":83},"end":{"line":134,"column":2}},"47":{"start":{"line":112,"column":2},"end":{"line":112,"column":58}},"48":{"start":{"line":112,"column":31},"end":{"line":112,"column":56}},"49":{"start":{"line":115,"column":15},"end":{"line":115,"column":81}},"50":{"start":{"line":115,"column":35},"end":{"line":115,"column":80}},"51":{"start":{"line":119,"column":2},"end":{"line":121,"column":3}},"52":{"start":{"line":120,"column":4},"end":{"line":120,"column":49}},"53":{"start":{"line":124,"column":16},"end":{"line":124,"column":163}},"54":{"start":{"line":127,"column":20},"end":{"line":127,"column":58}},"55":{"start":{"line":128,"column":2},"end":{"line":128,"column":64}},"56":{"start":{"line":131,"column":2},"end":{"line":131,"column":42}},"57":{"start":{"line":133,"column":2},"end":{"line":133,"column":19}},"58":{"start":{"line":110,"column":13},"end":{"line":110,"column":21}},"59":{"start":{"line":137,"column":22},"end":{"line":147,"column":1}},"60":{"start":{"line":139,"column":22},"end":{"line":139,"column":38}},"61":{"start":{"line":140,"column":19},"end":{"line":140,"column":58}},"62":{"start":{"line":143,"column":2},"end":{"line":143,"column":34}},"63":{"start":{"line":146,"column":2},"end":{"line":146,"column":48}},"64":{"start":{"line":137,"column":13},"end":{"line":137,"column":22}},"65":{"start":{"line":150,"column":33},"end":{"line":152,"column":1}},"66":{"start":{"line":151,"column":2},"end":{"line":151,"column":24}},"67":{"start":{"line":150,"column":13},"end":{"line":150,"column":33}}},"fnMap":{"0":{"name":"(anonymous_7)","decl":{"start":{"line":43,"column":28},"end":{"line":43,"column":42}},"loc":{"start":{"line":43,"column":44},"end":{"line":60,"column":1}}},"1":{"name":"(anonymous_8)","decl":{"start":{"line":63,"column":31},"end":{"line":63,"column":43}},"loc":{"start":{"line":63,"column":45},"end":{"line":65,"column":1}}},"2":{"name":"(anonymous_9)","decl":{"start":{"line":68,"column":30},"end":{"line":68,"column":46}},"loc":{"start":{"line":68,"column":48},"end":{"line":70,"column":1}}},"3":{"name":"(anonymous_10)","decl":{"start":{"line":73,"column":23},"end":{"line":73,"column":24}},"loc":{"start":{"line":73,"column":49},"end":{"line":87,"column":1}}},"4":{"name":"(anonymous_11)","decl":{"start":{"line":90,"column":29},"end":{"line":90,"column":30}},"loc":{"start":{"line":90,"column":61},"end":{"line":107,"column":1}}},"5":{"name":"(anonymous_12)","decl":{"start":{"line":110,"column":21},"end":{"line":110,"column":28}},"loc":{"start":{"line":110,"column":83},"end":{"line":134,"column":2}}},"6":{"name":"(anonymous_13)","decl":{"start":{"line":110,"column":83},"end":{"line":110,"column":null}},"loc":{"start":{"line":110,"column":83},"end":{"line":134,"column":1}}},"7":{"name":"(anonymous_14)","decl":{"start":{"line":112,"column":20},"end":{"line":112,"column":27}},"loc":{"start":{"line":112,"column":31},"end":{"line":112,"column":56}}},"8":{"name":"(anonymous_15)","decl":{"start":{"line":115,"column":30},"end":{"line":115,"column":31}},"loc":{"start":{"line":115,"column":35},"end":{"line":115,"column":80}}},"9":{"name":"(anonymous_16)","decl":{"start":{"line":137,"column":22},"end":{"line":137,"column":31}},"loc":{"start":{"line":137,"column":33},"end":{"line":147,"column":1}}},"10":{"name":"(anonymous_17)","decl":{"start":{"line":150,"column":33},"end":{"line":150,"column":44}},"loc":{"start":{"line":150,"column":46},"end":{"line":152,"column":1}}}},"branchMap":{"0":{"loc":{"start":{"line":46,"column":4},"end":{"line":48,"column":5}},"type":"if","locations":[{"start":{"line":46,"column":4},"end":{"line":48,"column":5}}]},"1":{"loc":{"start":{"line":75,"column":2},"end":{"line":75,"column":26}},"type":"if","locations":[{"start":{"line":75,"column":2},"end":{"line":75,"column":26}}]},"2":{"loc":{"start":{"line":78,"column":2},"end":{"line":78,"column":41}},"type":"if","locations":[{"start":{"line":78,"column":2},"end":{"line":78,"column":41}}]},"3":{"loc":{"start":{"line":81,"column":2},"end":{"line":81,"column":86}},"type":"if","locations":[{"start":{"line":81,"column":2},"end":{"line":81,"column":86}}]},"4":{"loc":{"start":{"line":81,"column":6},"end":{"line":81,"column":72}},"type":"binary-expr","locations":[{"start":{"line":81,"column":6},"end":{"line":81,"column":29}},{"start":{"line":81,"column":34},"end":{"line":81,"column":52}},{"start":{"line":81,"column":56},"end":{"line":81,"column":71}}]},"5":{"loc":{"start":{"line":84,"column":2},"end":{"line":84,"column":59}},"type":"if","locations":[{"start":{"line":84,"column":2},"end":{"line":84,"column":59}}]},"6":{"loc":{"start":{"line":84,"column":6},"end":{"line":84,"column":45}},"type":"binary-expr","locations":[{"start":{"line":84,"column":6},"end":{"line":84,"column":26}},{"start":{"line":84,"column":30},"end":{"line":84,"column":45}}]},"7":{"loc":{"start":{"line":92,"column":2},"end":{"line":92,"column":26}},"type":"if","locations":[{"start":{"line":92,"column":2},"end":{"line":92,"column":26}}]},"8":{"loc":{"start":{"line":98,"column":2},"end":{"line":104,"column":3}},"type":"if","locations":[{"start":{"line":98,"column":2},"end":{"line":104,"column":3}},{"start":{"line":100,"column":9},"end":{"line":104,"column":3}}]},"9":{"loc":{"start":{"line":100,"column":9},"end":{"line":104,"column":3}},"type":"if","locations":[{"start":{"line":100,"column":9},"end":{"line":104,"column":3}},{"start":{"line":102,"column":9},"end":{"line":104,"column":3}}]},"10":{"loc":{"start":{"line":102,"column":9},"end":{"line":104,"column":3}},"type":"if","locations":[{"start":{"line":102,"column":9},"end":{"line":104,"column":3}}]},"11":{"loc":{"start":{"line":119,"column":2},"end":{"line":121,"column":3}},"type":"if","locations":[{"start":{"line":119,"column":2},"end":{"line":121,"column":3}}]},"12":{"loc":{"start":{"line":140,"column":19},"end":{"line":140,"column":58}},"type":"cond-expr","locations":[{"start":{"line":140,"column":33},"end":{"line":140,"column":49}},{"start":{"line":140,"column":52},"end":{"line":140,"column":58}}]}},"s":{"0":0,"1":0,"2":0,"3":0,"4":0,"5":0,"6":0,"7":0,"8":0,"9":0,"10":0,"11":0,"12":0,"13":0,"14":0,"15":0,"16":0,"17":0,"18":0,"19":0,"20":0,"21":0,"22":0,"23":0,"24":0,"25":0,"26":0,"27":0,"28":0,"29":0,"30":0,"31":0,"32":0,"33":0,"34":0,"35":0,"36":0,"37":0,"38":0,"39":0,"40":0,"41":0,"42":0,"43":0,"44":0,"45":0,"46":0,"47":0,"48":0,"49":0,"50":0,"51":0,"52":0,"53":0,"54":0,"55":0,"56":0,"57":0,"58":0,"59":0,"60":0,"61":0,"62":0,"63":0,"64":0,"65":0,"66":0,"67":0},"f":{"0":0,"1":0,"2":0,"3":0,"4":0,"5":0,"6":0,"7":0,"8":0,"9":0,"10":0},"b":{"0":[0],"1":[0],"2":[0],"3":[0],"4":[0,0,0],"5":[0],"6":[0,0],"7":[0],"8":[0,0],"9":[0,0],"10":[0],"11":[0],"12":[0,0]}}
,"C:\\Users\\johnb\\OneDrive\\Documents\\GitHub\\role-fusion\\src\\lib\\mockApi.ts": {"path":"C:\\Users\\johnb\\OneDrive\\Documents\\GitHub\\role-fusion\\src\\lib\\mockApi.ts","statementMap":{"0":{"start":{"line":1,"column":0},"end":{"line":1,"column":49}},"1":{"start":{"line":42,"column":22},"end":{"line":48,"column":2}},"2":{"start":{"line":51,"column":21},"end":{"line":62,"column":2}},"3":{"start":{"line":65,"column":27},"end":{"line":89,"column":1}},"4":{"start":{"line":66,"column":29},"end":{"line":66,"column":31}},"5":{"start":{"line":67,"column":43},"end":{"line":67,"column":45}},"6":{"start":{"line":69,"column":2},"end":{"line":74,"column":3}},"7":{"start":{"line":70,"column":24},"end":{"line":70,"column":71}},"8":{"start":{"line":71,"column":4},"end":{"line":73,"column":5}},"9":{"start":{"line":72,"column":6},"end":{"line":72,"column":47}},"10":{"start":{"line":76,"column":2},"end":{"line":86,"column":3}},"11":{"start":{"line":77,"column":20},"end":{"line":77,"column":39}},"12":{"start":{"line":78,"column":21},"end":{"line":78,"column":54}},"13":{"start":{"line":80,"column":4},"end":{"line":85,"column":7}},"14":{"start":{"line":88,"column":2},"end":{"line":88,"column":15}},"15":{"start":{"line":92,"column":27},"end":{"line":96,"column":1}},"16":{"start":{"line":93,"column":15},"end":{"line":93,"column":25}},"17":{"start":{"line":94,"column":2},"end":{"line":94,"column":70}},"18":{"start":{"line":95,"column":2},"end":{"line":95,"column":28}},"19":{"start":{"line":99,"column":27},"end":{"line":135,"column":1}},"20":{"start":{"line":100,"column":34},"end":{"line":100,"column":102}},"21":{"start":{"line":102,"column":2},"end":{"line":134,"column":5}},"22":{"start":{"line":103,"column":23},"end":{"line":103,"column":89}},"23":{"start":{"line":104,"column":25},"end":{"line":104,"column":75}},"24":{"start":{"line":104,"column":49},"end":{"line":104,"column":68}},"25":{"start":{"line":105,"column":19},"end":{"line":105,"column":72}},"26":{"start":{"line":106,"column":22},"end":{"line":106,"column":42}},"27":{"start":{"line":107,"column":18},"end":{"line":107,"column":71}},"28":{"start":{"line":108,"column":24},"end":{"line":108,"column":94}},"29":{"start":{"line":108,"column":52},"end":{"line":108,"column":90}},"30":{"start":{"line":110,"column":4},"end":{"line":133,"column":6}},"31":{"start":{"line":138,"column":26},"end":{"line":138,"column":48}},"32":{"start":{"line":141,"column":14},"end":{"line":141,"column":77}},"33":{"start":{"line":141,"column":30},"end":{"line":141,"column":77}},"34":{"start":{"line":141,"column":53},"end":{"line":141,"column":76}},"35":{"start":{"line":144,"column":27},"end":{"line":204,"column":2}},"36":{"start":{"line":151,"column":103},"end":{"line":204,"column":2}},"37":{"start":{"line":152,"column":2},"end":{"line":152,"column":19}},"38":{"start":{"line":155,"column":23},"end":{"line":155,"column":38}},"39":{"start":{"line":156,"column":2},"end":{"line":158,"column":3}},"40":{"start":{"line":157,"column":4},"end":{"line":157,"column":77}},"41":{"start":{"line":157,"column":52},"end":{"line":157,"column":75}},"42":{"start":{"line":161,"column":2},"end":{"line":168,"column":3}},"43":{"start":{"line":162,"column":24},"end":{"line":162,"column":44}},"44":{"start":{"line":163,"column":4},"end":{"line":167,"column":6}},"45":{"start":{"line":164,"column":6},"end":{"line":166,"column":84}},"46":{"start":{"line":166,"column":31},"end":{"line":166,"column":83}},"47":{"start":{"line":171,"column":2},"end":{"line":188,"column":5}},"48":{"start":{"line":172,"column":21},"end":{"line":172,"column":22}},"49":{"start":{"line":174,"column":4},"end":{"line":185,"column":5}},"50":{"start":{"line":175,"column":6},"end":{"line":175,"column":62}},"51":{"start":{"line":176,"column":11},"end":{"line":185,"column":5}},"52":{"start":{"line":177,"column":6},"end":{"line":177,"column":64}},"53":{"start":{"line":178,"column":11},"end":{"line":185,"column":5}},"54":{"start":{"line":179,"column":6},"end":{"line":179,"column":49}},"55":{"start":{"line":180,"column":11},"end":{"line":185,"column":5}},"56":{"start":{"line":181,"column":6},"end":{"line":181,"column":52}},"57":{"start":{"line":184,"column":6},"end":{"line":184,"column":85}},"58":{"start":{"line":187,"column":4},"end":{"line":187,"column":62}},"59":{"start":{"line":191,"column":21},"end":{"line":191,"column":42}},"60":{"start":{"line":192,"column":21},"end":{"line":192,"column":53}},"61":{"start":{"line":193,"column":21},"end":{"line":193,"column":42}},"62":{"start":{"line":194,"column":26},"end":{"line":194,"column":81}},"63":{"start":{"line":196,"column":2},"end":{"line":203,"column":4}},"64":{"start":{"line":144,"column":13},"end":{"line":144,"column":27}},"65":{"start":{"line":207,"column":30},"end":{"line":210,"column":2}},"66":{"start":{"line":207,"column":79},"end":{"line":210,"column":2}},"67":{"start":{"line":208,"column":2},"end":{"line":208,"column":19}},"68":{"start":{"line":209,"column":2},"end":{"line":209,"column":64}},"69":{"start":{"line":209,"column":34},"end":{"line":209,"column":54}},"70":{"start":{"line":207,"column":13},"end":{"line":207,"column":30}},"71":{"start":{"line":213,"column":27},"end":{"line":249,"column":2}},"72":{"start":{"line":213,"column":79},"end":{"line":249,"column":2}},"73":{"start":{"line":214,"column":2},"end":{"line":214,"column":19}},"74":{"start":{"line":216,"column":15},"end":{"line":216,"column":31}},"75":{"start":{"line":217,"column":2},"end":{"line":219,"column":3}},"76":{"start":{"line":218,"column":4},"end":{"line":218,"column":67}},"77":{"start":{"line":221,"column":20},"end":{"line":221,"column":44}},"78":{"start":{"line":222,"column":26},"end":{"line":245,"column":4}},"79":{"start":{"line":230,"column":44},"end":{"line":230,"column":82}},"80":{"start":{"line":247,"column":2},"end":{"line":247,"column":41}},"81":{"start":{"line":248,"column":2},"end":{"line":248,"column":18}},"82":{"start":{"line":213,"column":13},"end":{"line":213,"column":27}},"83":{"start":{"line":252,"column":33},"end":{"line":298,"column":2}},"84":{"start":{"line":256,"column":20},"end":{"line":298,"column":2}},"85":{"start":{"line":257,"column":2},"end":{"line":257,"column":19}},"86":{"start":{"line":259,"column":15},"end":{"line":259,"column":31}},"87":{"start":{"line":260,"column":2},"end":{"line":262,"column":3}},"88":{"start":{"line":261,"column":4},"end":{"line":261,"column":67}},"89":{"start":{"line":265,"column":2},"end":{"line":271,"column":3}},"90":{"start":{"line":270,"column":4},"end":{"line":270,"column":76}},"91":{"start":{"line":273,"column":21},"end":{"line":273,"column":72}},"92":{"start":{"line":273,"column":51},"end":{"line":273,"column":71}},"93":{"start":{"line":274,"column":2},"end":{"line":276,"column":3}},"94":{"start":{"line":275,"column":4},"end":{"line":275,"column":39}},"95":{"start":{"line":278,"column":20},"end":{"line":278,"column":44}},"96":{"start":{"line":279,"column":20},"end":{"line":293,"column":null}},"97":{"start":{"line":296,"column":2},"end":{"line":296,"column":40}},"98":{"start":{"line":297,"column":2},"end":{"line":297,"column":22}},"99":{"start":{"line":252,"column":13},"end":{"line":252,"column":33}},"100":{"start":{"line":301,"column":27},"end":{"line":312,"column":2}},"101":{"start":{"line":301,"column":71},"end":{"line":312,"column":2}},"102":{"start":{"line":302,"column":2},"end":{"line":302,"column":19}},"103":{"start":{"line":304,"column":2},"end":{"line":306,"column":3}},"104":{"start":{"line":305,"column":4},"end":{"line":305,"column":53}},"105":{"start":{"line":308,"column":24},"end":{"line":308,"column":41}},"106":{"start":{"line":309,"column":2},"end":{"line":309,"column":64}},"107":{"start":{"line":309,"column":42},"end":{"line":309,"column":62}},"108":{"start":{"line":311,"column":2},"end":{"line":311,"column":43}},"109":{"start":{"line":301,"column":13},"end":{"line":301,"column":27}}},"fnMap":{"0":{"name":"(anonymous_7)","decl":{"start":{"line":65,"column":27},"end":{"line":65,"column":28}},"loc":{"start":{"line":65,"column":45},"end":{"line":89,"column":1}}},"1":{"name":"(anonymous_8)","decl":{"start":{"line":92,"column":27},"end":{"line":92,"column":28}},"loc":{"start":{"line":92,"column":53},"end":{"line":96,"column":1}}},"2":{"name":"(anonymous_9)","decl":{"start":{"line":99,"column":27},"end":{"line":99,"column":28}},"loc":{"start":{"line":99,"column":54},"end":{"line":135,"column":1}}},"3":{"name":"(anonymous_10)","decl":{"start":{"line":102,"column":43},"end":{"line":102,"column":44}},"loc":{"start":{"line":102,"column":56},"end":{"line":134,"column":3}}},"4":{"name":"(anonymous_11)","decl":{"start":{"line":104,"column":44},"end":{"line":104,"column":45}},"loc":{"start":{"line":104,"column":49},"end":{"line":104,"column":68}}},"5":{"name":"(anonymous_12)","decl":{"start":{"line":108,"column":37},"end":{"line":108,"column":38}},"loc":{"start":{"line":108,"column":52},"end":{"line":108,"column":90}}},"6":{"name":"(anonymous_13)","decl":{"start":{"line":141,"column":14},"end":{"line":141,"column":15}},"loc":{"start":{"line":141,"column":30},"end":{"line":141,"column":77}}},"7":{"name":"(anonymous_14)","decl":{"start":{"line":141,"column":42},"end":{"line":141,"column":49}},"loc":{"start":{"line":141,"column":53},"end":{"line":141,"column":76}}},"8":{"name":"(anonymous_15)","decl":{"start":{"line":144,"column":27},"end":{"line":144,"column":null}},"loc":{"start":{"line":151,"column":103},"end":{"line":204,"column":2}}},"9":{"name":"(anonymous_16)","decl":{"start":{"line":151,"column":103},"end":{"line":151,"column":null}},"loc":{"start":{"line":150,"column":40},"end":{"line":204,"column":1}}},"10":{"name":"(anonymous_17)","decl":{"start":{"line":157,"column":43},"end":{"line":157,"column":48}},"loc":{"start":{"line":157,"column":52},"end":{"line":157,"column":75}}},"11":{"name":"(anonymous_18)","decl":{"start":{"line":163,"column":43},"end":{"line":163,"column":48}},"loc":{"start":{"line":164,"column":6},"end":{"line":166,"column":84}}},"12":{"name":"(anonymous_19)","decl":{"start":{"line":166,"column":23},"end":{"line":166,"column":27}},"loc":{"start":{"line":166,"column":31},"end":{"line":166,"column":83}}},"13":{"name":"(anonymous_20)","decl":{"start":{"line":171,"column":22},"end":{"line":171,"column":23}},"loc":{"start":{"line":171,"column":31},"end":{"line":188,"column":3}}},"14":{"name":"(anonymous_21)","decl":{"start":{"line":207,"column":30},"end":{"line":207,"column":37}},"loc":{"start":{"line":207,"column":79},"end":{"line":210,"column":2}}},"15":{"name":"(anonymous_22)","decl":{"start":{"line":207,"column":79},"end":{"line":207,"column":null}},"loc":{"start":{"line":207,"column":79},"end":{"line":210,"column":1}}},"16":{"name":"(anonymous_23)","decl":{"start":{"line":209,"column":25},"end":{"line":209,"column":30}},"loc":{"start":{"line":209,"column":34},"end":{"line":209,"column":54}}},"17":{"name":"(anonymous_24)","decl":{"start":{"line":213,"column":27},"end":{"line":213,"column":34}},"loc":{"start":{"line":213,"column":79},"end":{"line":249,"column":2}}},"18":{"name":"(anonymous_25)","decl":{"start":{"line":213,"column":79},"end":{"line":213,"column":null}},"loc":{"start":{"line":213,"column":79},"end":{"line":249,"column":1}}},"19":{"name":"(anonymous_26)","decl":{"start":{"line":230,"column":29},"end":{"line":230,"column":30}},"loc":{"start":{"line":230,"column":44},"end":{"line":230,"column":82}}},"20":{"name":"(anonymous_27)","decl":{"start":{"line":252,"column":33},"end":{"line":252,"column":null}},"loc":{"start":{"line":256,"column":20},"end":{"line":298,"column":2}}},"21":{"name":"(anonymous_28)","decl":{"start":{"line":256,"column":20},"end":{"line":256,"column":null}},"loc":{"start":{"line":256,"column":20},"end":{"line":298,"column":1}}},"22":{"name":"(anonymous_29)","decl":{"start":{"line":273,"column":42},"end":{"line":273,"column":47}},"loc":{"start":{"line":273,"column":51},"end":{"line":273,"column":71}}},"23":{"name":"(anonymous_30)","decl":{"start":{"line":301,"column":27},"end":{"line":301,"column":34}},"loc":{"start":{"line":301,"column":71},"end":{"line":312,"column":2}}},"24":{"name":"(anonymous_31)","decl":{"start":{"line":301,"column":71},"end":{"line":301,"column":null}},"loc":{"start":{"line":301,"column":71},"end":{"line":312,"column":1}}},"25":{"name":"(anonymous_32)","decl":{"start":{"line":309,"column":33},"end":{"line":309,"column":38}},"loc":{"start":{"line":309,"column":42},"end":{"line":309,"column":62}}}},"branchMap":{"0":{"loc":{"start":{"line":71,"column":4},"end":{"line":73,"column":5}},"type":"if","locations":[{"start":{"line":71,"column":4},"end":{"line":73,"column":5}}]},"1":{"loc":{"start":{"line":92,"column":28},"end":{"line":92,"column":49}},"type":"default-arg","locations":[{"start":{"line":92,"column":47},"end":{"line":92,"column":49}}]},"2":{"loc":{"start":{"line":121,"column":18},"end":{"line":121,"column":56}},"type":"cond-expr","locations":[{"start":{"line":121,"column":36},"end":{"line":121,"column":44}},{"start":{"line":121,"column":47},"end":{"line":121,"column":56}}]},"3":{"loc":{"start":{"line":122,"column":13},"end":{"line":122,"column":59}},"type":"cond-expr","locations":[{"start":{"line":122,"column":31},"end":{"line":122,"column":47}},{"start":{"line":122,"column":50},"end":{"line":122,"column":59}}]},"4":{"loc":{"start":{"line":145,"column":2},"end":{"line":145,"column":18}},"type":"default-arg","locations":[{"start":{"line":145,"column":17},"end":{"line":145,"column":18}}]},"5":{"loc":{"start":{"line":146,"column":2},"end":{"line":146,"column":23}},"type":"default-arg","locations":[{"start":{"line":146,"column":21},"end":{"line":146,"column":23}}]},"6":{"loc":{"start":{"line":149,"column":2},"end":{"line":149,"column":30}},"type":"default-arg","locations":[{"start":{"line":149,"column":19},"end":{"line":149,"column":30}}]},"7":{"loc":{"start":{"line":150,"column":2},"end":{"line":150,"column":40}},"type":"default-arg","locations":[{"start":{"line":150,"column":34},"end":{"line":150,"column":40}}]},"8":{"loc":{"start":{"line":156,"column":2},"end":{"line":158,"column":3}},"type":"if","locations":[{"start":{"line":156,"column":2},"end":{"line":158,"column":3}}]},"9":{"loc":{"start":{"line":161,"column":2},"end":{"line":168,"column":3}},"type":"if","locations":[{"start":{"line":161,"column":2},"end":{"line":168,"column":3}}]},"10":{"loc":{"start":{"line":161,"column":6},"end":{"line":161,"column":36}},"type":"binary-expr","locations":[{"start":{"line":161,"column":6},"end":{"line":161,"column":12}},{"start":{"line":161,"column":16},"end":{"line":161,"column":36}}]},"11":{"loc":{"start":{"line":164,"column":6},"end":{"line":166,"column":84}},"type":"binary-expr","locations":[{"start":{"line":164,"column":6},"end":{"line":164,"column":59}},{"start":{"line":165,"column":6},"end":{"line":165,"column":60}},{"start":{"line":166,"column":6},"end":{"line":166,"column":84}}]},"12":{"loc":{"start":{"line":174,"column":4},"end":{"line":185,"column":5}},"type":"if","locations":[{"start":{"line":174,"column":4},"end":{"line":185,"column":5}},{"start":{"line":176,"column":11},"end":{"line":185,"column":5}}]},"13":{"loc":{"start":{"line":176,"column":11},"end":{"line":185,"column":5}},"type":"if","locations":[{"start":{"line":176,"column":11},"end":{"line":185,"column":5}},{"start":{"line":178,"column":11},"end":{"line":185,"column":5}}]},"14":{"loc":{"start":{"line":178,"column":11},"end":{"line":185,"column":5}},"type":"if","locations":[{"start":{"line":178,"column":11},"end":{"line":185,"column":5}},{"start":{"line":180,"column":11},"end":{"line":185,"column":5}}]},"15":{"loc":{"start":{"line":180,"column":11},"end":{"line":185,"column":5}},"type":"if","locations":[{"start":{"line":180,"column":11},"end":{"line":185,"column":5}},{"start":{"line":182,"column":11},"end":{"line":185,"column":5}}]},"16":{"loc":{"start":{"line":187,"column":11},"end":{"line":187,"column":61}},"type":"cond-expr","locations":[{"start":{"line":187,"column":37},"end":{"line":187,"column":47}},{"start":{"line":187,"column":50},"end":{"line":187,"column":61}}]},"17":{"loc":{"start":{"line":209,"column":9},"end":{"line":209,"column":63}},"type":"binary-expr","locations":[{"start":{"line":209,"column":9},"end":{"line":209,"column":55}},{"start":{"line":209,"column":59},"end":{"line":209,"column":63}}]},"18":{"loc":{"start":{"line":217,"column":2},"end":{"line":219,"column":3}},"type":"if","locations":[{"start":{"line":217,"column":2},"end":{"line":219,"column":3}}]},"19":{"loc":{"start":{"line":225,"column":16},"end":{"line":225,"column":59}},"type":"binary-expr","locations":[{"start":{"line":225,"column":16},"end":{"line":225,"column":36}},{"start":{"line":225,"column":40},"end":{"line":225,"column":59}}]},"20":{"loc":{"start":{"line":226,"column":18},"end":{"line":226,"column":65}},"type":"binary-expr","locations":[{"start":{"line":226,"column":18},"end":{"line":226,"column":40}},{"start":{"line":226,"column":44},"end":{"line":226,"column":65}}]},"21":{"loc":{"start":{"line":228,"column":11},"end":{"line":228,"column":32}},"type":"binary-expr","locations":[{"start":{"line":228,"column":11},"end":{"line":228,"column":26}},{"start":{"line":228,"column":30},"end":{"line":228,"column":32}}]},"22":{"loc":{"start":{"line":229,"column":17},"end":{"line":230,"column":90}},"type":"cond-expr","locations":[{"start":{"line":230,"column":6},"end":{"line":230,"column":86}},{"start":{"line":230,"column":89},"end":{"line":230,"column":90}}]},"23":{"loc":{"start":{"line":260,"column":2},"end":{"line":262,"column":3}},"type":"if","locations":[{"start":{"line":260,"column":2},"end":{"line":262,"column":3}}]},"24":{"loc":{"start":{"line":265,"column":2},"end":{"line":271,"column":3}},"type":"if","locations":[{"start":{"line":265,"column":2},"end":{"line":271,"column":3}}]},"25":{"loc":{"start":{"line":266,"column":4},"end":{"line":268,"column":21}},"type":"binary-expr","locations":[{"start":{"line":266,"column":5},"end":{"line":266,"column":29}},{"start":{"line":266,"column":33},"end":{"line":266,"column":57}},{"start":{"line":267,"column":4},"end":{"line":267,"column":23}},{"start":{"line":268,"column":4},"end":{"line":268,"column":21}}]},"26":{"loc":{"start":{"line":274,"column":2},"end":{"line":276,"column":3}},"type":"if","locations":[{"start":{"line":274,"column":2},"end":{"line":276,"column":3}}]},"27":{"loc":{"start":{"line":291,"column":15},"end":{"line":291,"column":44}},"type":"binary-expr","locations":[{"start":{"line":291,"column":15},"end":{"line":291,"column":20}},{"start":{"line":291,"column":24},"end":{"line":291,"column":44}}]},"28":{"loc":{"start":{"line":304,"column":2},"end":{"line":306,"column":3}},"type":"if","locations":[{"start":{"line":304,"column":2},"end":{"line":306,"column":3}}]}},"s":{"0":0,"1":0,"2":0,"3":0,"4":0,"5":0,"6":0,"7":0,"8":0,"9":0,"10":0,"11":0,"12":0,"13":0,"14":0,"15":0,"16":0,"17":0,"18":0,"19":0,"20":0,"21":0,"22":0,"23":0,"24":0,"25":0,"26":0,"27":0,"28":0,"29":0,"30":0,"31":0,"32":0,"33":0,"34":0,"35":0,"36":0,"37":0,"38":0,"39":0,"40":0,"41":0,"42":0,"43":0,"44":0,"45":0,"46":0,"47":0,"48":0,"49":0,"50":0,"51":0,"52":0,"53":0,"54":0,"55":0,"56":0,"57":0,"58":0,"59":0,"60":0,"61":0,"62":0,"63":0,"64":0,"65":0,"66":0,"67":0,"68":0,"69":0,"70":0,"71":0,"72":0,"73":0,"74":0,"75":0,"76":0,"77":0,"78":0,"79":0,"80":0,"81":0,"82":0,"83":0,"84":0,"85":0,"86":0,"87":0,"88":0,"89":0,"90":0,"91":0,"92":0,"93":0,"94":0,"95":0,"96":0,"97":0,"98":0,"99":0,"100":0,"101":0,"102":0,"103":0,"104":0,"105":0,"106":0,"107":0,"108":0,"109":0},"f":{"0":0,"1":0,"2":0,"3":0,"4":0,"5":0,"6":0,"7":0,"8":0,"9":0,"10":0,"11":0,"12":0,"13":0,"14":0,"15":0,"16":0,"17":0,"18":0,"19":0,"20":0,"21":0,"22":0,"23":0,"24":0,"25":0},"b":{"0":[0],"1":[0],"2":[0,0],"3":[0,0],"4":[0],"5":[0],"6":[0],"7":[0],"8":[0],"9":[0],"10":[0,0],"11":[0,0,0],"12":[0,0],"13":[0,0],"14":[0,0],"15":[0,0],"16":[0,0],"17":[0,0],"18":[0],"19":[0,0],"20":[0,0],"21":[0,0],"22":[0,0],"23":[0],"24":[0],"25":[0,0,0,0],"26":[0],"27":[0,0],"28":[0]}}
,"C:\\Users\\johnb\\OneDrive\\Documents\\GitHub\\role-fusion\\src\\lib\\utils.ts": {"path":"C:\\Users\\johnb\\OneDrive\\Documents\\GitHub\\role-fusion\\src\\lib\\utils.ts","statementMap":{"0":{"start":{"line":4,"column":0},"end":{"line":4,"column":16}},"1":{"start":{"line":1,"column":0},"end":{"line":1,"column":44}},"2":{"start":{"line":2,"column":0},"end":{"line":2,"column":40}},"3":{"start":{"line":5,"column":2},"end":{"line":5,"column":null}}},"fnMap":{"0":{"name":"cn","decl":{"start":{"line":4,"column":16},"end":{"line":4,"column":18}},"loc":{"start":{"line":4,"column":42},"end":{"line":6,"column":1}}}},"branchMap":{},"s":{"0":0,"1":0,"2":0,"3":0},"f":{"0":0},"b":{}}
,"C:\\Users\\johnb\\OneDrive\\Documents\\GitHub\\role-fusion\\src\\pages\\Index.tsx": {"path":"C:\\Users\\johnb\\OneDrive\\Documents\\GitHub\\role-fusion\\src\\pages\\Index.tsx","statementMap":{"0":{"start":{"line":2,"column":0},"end":{"line":2,"column":46}},"1":{"start":{"line":4,"column":14},"end":{"line":6,"column":1}},"2":{"start":{"line":5,"column":2},"end":{"line":5,"column":23}},"3":{"start":{"line":8,"column":0},"end":{"line":8,"column":21}}},"fnMap":{"0":{"name":"(anonymous_1)","decl":{"start":{"line":4,"column":14},"end":{"line":4,"column":17}},"loc":{"start":{"line":4,"column":19},"end":{"line":6,"column":1}}}},"branchMap":{},"s":{"0":0,"1":0,"2":0,"3":0},"f":{"0":0},"b":{}}
}
