TN:
SF:src\__tests__\test-utils.tsx
FN:4,(anonymous_4)
FN:18,(anonymous_5)
FNF:2
FNH:2
FNDA:1,(anonymous_4)
FNDA:1,(anonymous_5)
DA:1,1
DA:2,1
DA:4,1
DA:5,1
DA:18,1
DA:21,1
DA:23,1
DA:24,1
LF:8
LH:8
BRF:0
BRH:0
end_of_record
TN:
SF:src\components\RoleProvider.tsx
FN:14,(anonymous_0)
FN:17,(anonymous_1)
FNF:2
FNH:2
FNDA:4,(anonymous_0)
FNDA:5,(anonymous_1)
DA:1,2
DA:2,2
DA:14,2
DA:15,4
DA:17,4
DA:18,5
DA:19,5
DA:22,4
LF:8
LH:8
BRDA:19,0,0,5
BRDA:19,0,1,0
BRDA:19,1,0,5
BRDA:19,1,1,5
BRDA:19,2,0,0
BRDA:19,2,1,5
BRDA:19,3,0,5
BRDA:19,3,1,5
BRDA:28,4,0,4
BRDA:28,4,1,0
BRDA:28,5,0,0
BRDA:28,5,1,4
BRDA:28,6,0,4
BRDA:28,6,1,4
BRF:14
BRH:10
end_of_record
TN:
SF:src\components\auth\AuthLayout.tsx
FN:11,AuthLayout
FNF:1
FNH:0
FNDA:0,AuthLayout
DA:3,0
DA:11,0
DA:12,0
LF:3
LH:0
BRDA:28,0,0,0
BRDA:28,0,1,0
BRF:2
BRH:0
end_of_record
TN:
SF:src\components\layout\PageTitle.tsx
FN:8,PageTitle
FN:10,(anonymous_1)
FN:14,(anonymous_2)
FNF:3
FNH:0
FNDA:0,PageTitle
FNDA:0,(anonymous_1)
FNDA:0,(anonymous_2)
DA:8,0
DA:10,0
DA:11,0
DA:14,0
DA:15,0
DA:19,0
DA:21,0
LF:7
LH:0
BRDA:11,0,0,0
BRDA:14,1,0,0
BRDA:14,1,1,0
BRDA:14,2,0,0
BRDA:14,2,1,0
BRDA:14,3,0,0
BRDA:14,3,1,0
BRF:7
BRH:0
end_of_record
TN:
SF:src\components\theme\ThemeProvider.tsx
FN:19,(anonymous_1)
FN:24,ThemeProvider
FN:31,(anonymous_3)
FN:34,(anonymous_4)
FN:54,(anonymous_5)
FN:67,(anonymous_6)
FNF:6
FNH:0
FNDA:0,(anonymous_1)
FNDA:0,ThemeProvider
FNDA:0,(anonymous_3)
FNDA:0,(anonymous_4)
FNDA:0,(anonymous_5)
FNDA:0,(anonymous_6)
DA:2,0
DA:17,0
DA:19,0
DA:22,0
DA:24,0
DA:27,0
DA:28,0
DA:30,0
DA:31,0
DA:34,0
DA:35,0
DA:37,0
DA:39,0
DA:40,0
DA:45,0
DA:46,0
DA:49,0
DA:52,0
DA:55,0
DA:56,0
DA:60,0
DA:67,0
DA:68,0
DA:70,0
DA:71,0
DA:73,0
LF:26
LH:0
BRDA:26,0,0,0
BRDA:27,1,0,0
BRDA:31,2,0,0
BRDA:31,2,1,0
BRDA:39,3,0,0
BRDA:40,4,0,0
BRDA:40,4,1,0
BRDA:70,5,0,0
BRF:8
BRH:0
end_of_record
TN:
SF:src\components\ui\aspect-ratio.tsx
FNF:0
FNH:0
DA:1,0
DA:3,0
DA:5,0
LF:3
LH:0
BRF:0
BRH:0
end_of_record
TN:
SF:src\components\ui\collapsible.tsx
FNF:0
FNH:0
DA:1,0
DA:3,0
DA:5,0
DA:7,0
DA:9,0
LF:5
LH:0
BRF:0
BRH:0
end_of_record
TN:
SF:src\components\ui\sonner.tsx
FN:6,(anonymous_1)
FNF:1
FNH:0
FNDA:0,(anonymous_1)
DA:1,0
DA:2,0
DA:6,0
DA:7,0
DA:9,0
DA:29,0
LF:6
LH:0
BRDA:7,0,0,0
BRF:1
BRH:0
end_of_record
TN:
SF:src\contexts\RoleContext.ts
FNF:0
FNH:0
DA:1,2
DA:10,2
LF:2
LH:2
BRF:0
BRH:0
end_of_record
TN:
SF:src\hooks\use-mobile.tsx
FN:5,useIsMobile
FN:8,(anonymous_10)
FN:10,(anonymous_11)
FN:15,(anonymous_12)
FNF:4
FNH:0
FNDA:0,useIsMobile
FNDA:0,(anonymous_10)
FNDA:0,(anonymous_11)
FNDA:0,(anonymous_12)
DA:1,0
DA:3,0
DA:5,0
DA:6,0
DA:8,0
DA:9,0
DA:10,0
DA:11,0
DA:13,0
DA:14,0
DA:15,0
DA:18,0
LF:12
LH:0
BRF:0
BRH:0
end_of_record
TN:
SF:src\hooks\useRole.ts
FN:4,(anonymous_0)
FNF:1
FNH:1
FNDA:4,(anonymous_0)
DA:1,2
DA:2,2
DA:4,2
DA:5,4
DA:7,4
DA:8,0
DA:11,4
LF:7
LH:6
BRDA:7,0,0,0
BRF:1
BRH:0
end_of_record
TN:
SF:src\lib\api.ts
FN:7,fetchApi
FN:8,(anonymous_8)
FN:56,(anonymous_9)
FN:73,(anonymous_10)
FN:98,(anonymous_11)
FN:116,(anonymous_12)
FN:122,(anonymous_13)
FN:127,(anonymous_14)
FN:132,(anonymous_15)
FN:137,(anonymous_16)
FN:143,(anonymous_17)
FNF:11
FNH:0
FNDA:0,fetchApi
FNDA:0,(anonymous_8)
FNDA:0,(anonymous_9)
FNDA:0,(anonymous_10)
FNDA:0,(anonymous_11)
FNDA:0,(anonymous_12)
FNDA:0,(anonymous_13)
FNDA:0,(anonymous_14)
FNDA:0,(anonymous_15)
FNDA:0,(anonymous_16)
FNDA:0,(anonymous_17)
DA:2,0
DA:4,0
DA:7,0
DA:8,0
DA:11,0
DA:13,0
DA:15,0
DA:16,0
DA:19,0
DA:21,0
DA:28,0
DA:29,0
DA:30,0
DA:31,0
DA:32,0
DA:33,0
DA:36,0
DA:37,0
DA:40,0
DA:55,0
DA:56,0
DA:72,0
DA:73,0
DA:97,0
DA:98,0
DA:116,0
DA:122,0
DA:123,0
DA:124,0
DA:127,0
DA:132,0
DA:133,0
DA:134,0
DA:137,0
DA:143,0
DA:144,0
DA:145,0
LF:37
LH:0
BRDA:9,0,0,0
BRDA:15,1,0,0
BRDA:28,2,0,0
BRDA:28,2,1,0
BRDA:30,3,0,0
BRDA:30,3,1,0
BRDA:32,4,0,0
BRDA:36,5,0,0
BRDA:60,6,0,0
BRDA:60,6,1,0
BRDA:61,7,0,0
BRDA:61,7,1,0
BRDA:61,8,0,0
BRDA:61,8,1,0
BRDA:77,9,0,0
BRDA:77,9,1,0
BRDA:77,10,0,0
BRDA:77,10,1,0
BRDA:77,11,0,0
BRDA:77,11,1,0
BRDA:81,12,0,0
BRDA:81,12,1,0
BRDA:117,13,0,0
BRDA:118,14,0,0
BRDA:119,15,0,0
BRDA:120,16,0,0
BRDA:121,17,0,0
BRDA:128,18,0,0
BRDA:129,19,0,0
BRDA:130,20,0,0
BRDA:131,21,0,0
BRDA:138,22,0,0
BRDA:139,23,0,0
BRDA:140,24,0,0
BRDA:141,25,0,0
BRDA:142,26,0,0
BRF:36
BRH:0
end_of_record
TN:
SF:src\lib\auth.ts
FN:43,(anonymous_7)
FN:63,(anonymous_8)
FN:68,(anonymous_9)
FN:73,(anonymous_10)
FN:90,(anonymous_11)
FN:110,(anonymous_12)
FN:110,(anonymous_13)
FN:112,(anonymous_14)
FN:115,(anonymous_15)
FN:137,(anonymous_16)
FN:150,(anonymous_17)
FNF:11
FNH:0
FNDA:0,(anonymous_7)
FNDA:0,(anonymous_8)
FNDA:0,(anonymous_9)
FNDA:0,(anonymous_10)
FNDA:0,(anonymous_11)
FNDA:0,(anonymous_12)
FNDA:0,(anonymous_13)
FNDA:0,(anonymous_14)
FNDA:0,(anonymous_15)
FNDA:0,(anonymous_16)
FNDA:0,(anonymous_17)
DA:1,0
DA:18,0
DA:43,0
DA:44,0
DA:45,0
DA:46,0
DA:47,0
DA:50,0
DA:51,0
DA:57,0
DA:58,0
DA:63,0
DA:64,0
DA:68,0
DA:69,0
DA:73,0
DA:74,0
DA:75,0
DA:78,0
DA:81,0
DA:84,0
DA:86,0
DA:90,0
DA:91,0
DA:92,0
DA:94,0
DA:95,0
DA:96,0
DA:98,0
DA:99,0
DA:100,0
DA:101,0
DA:102,0
DA:103,0
DA:106,0
DA:110,0
DA:112,0
DA:115,0
DA:119,0
DA:120,0
DA:124,0
DA:127,0
DA:128,0
DA:131,0
DA:133,0
DA:137,0
DA:139,0
DA:140,0
DA:143,0
DA:146,0
DA:150,0
DA:151,0
LF:52
LH:0
BRDA:46,0,0,0
BRDA:75,1,0,0
BRDA:78,2,0,0
BRDA:81,3,0,0
BRDA:81,4,0,0
BRDA:81,4,1,0
BRDA:81,4,2,0
BRDA:84,5,0,0
BRDA:84,6,0,0
BRDA:84,6,1,0
BRDA:92,7,0,0
BRDA:98,8,0,0
BRDA:98,8,1,0
BRDA:100,9,0,0
BRDA:100,9,1,0
BRDA:102,10,0,0
BRDA:119,11,0,0
BRDA:140,12,0,0
BRDA:140,12,1,0
BRF:19
BRH:0
end_of_record
TN:
SF:src\lib\mockApi.ts
FN:65,(anonymous_7)
FN:92,(anonymous_8)
FN:99,(anonymous_9)
FN:102,(anonymous_10)
FN:104,(anonymous_11)
FN:108,(anonymous_12)
FN:141,(anonymous_13)
FN:141,(anonymous_14)
FN:144,(anonymous_15)
FN:151,(anonymous_16)
FN:157,(anonymous_17)
FN:163,(anonymous_18)
FN:166,(anonymous_19)
FN:171,(anonymous_20)
FN:207,(anonymous_21)
FN:207,(anonymous_22)
FN:209,(anonymous_23)
FN:213,(anonymous_24)
FN:213,(anonymous_25)
FN:230,(anonymous_26)
FN:252,(anonymous_27)
FN:256,(anonymous_28)
FN:273,(anonymous_29)
FN:301,(anonymous_30)
FN:301,(anonymous_31)
FN:309,(anonymous_32)
FNF:26
FNH:0
FNDA:0,(anonymous_7)
FNDA:0,(anonymous_8)
FNDA:0,(anonymous_9)
FNDA:0,(anonymous_10)
FNDA:0,(anonymous_11)
FNDA:0,(anonymous_12)
FNDA:0,(anonymous_13)
FNDA:0,(anonymous_14)
FNDA:0,(anonymous_15)
FNDA:0,(anonymous_16)
FNDA:0,(anonymous_17)
FNDA:0,(anonymous_18)
FNDA:0,(anonymous_19)
FNDA:0,(anonymous_20)
FNDA:0,(anonymous_21)
FNDA:0,(anonymous_22)
FNDA:0,(anonymous_23)
FNDA:0,(anonymous_24)
FNDA:0,(anonymous_25)
FNDA:0,(anonymous_26)
FNDA:0,(anonymous_27)
FNDA:0,(anonymous_28)
FNDA:0,(anonymous_29)
FNDA:0,(anonymous_30)
FNDA:0,(anonymous_31)
FNDA:0,(anonymous_32)
DA:1,0
DA:42,0
DA:51,0
DA:65,0
DA:66,0
DA:67,0
DA:69,0
DA:70,0
DA:71,0
DA:72,0
DA:76,0
DA:77,0
DA:78,0
DA:80,0
DA:88,0
DA:92,0
DA:93,0
DA:94,0
DA:95,0
DA:99,0
DA:100,0
DA:102,0
DA:103,0
DA:104,0
DA:105,0
DA:106,0
DA:107,0
DA:108,0
DA:110,0
DA:138,0
DA:141,0
DA:144,0
DA:151,0
DA:152,0
DA:155,0
DA:156,0
DA:157,0
DA:161,0
DA:162,0
DA:163,0
DA:164,0
DA:166,0
DA:171,0
DA:172,0
DA:174,0
DA:175,0
DA:176,0
DA:177,0
DA:178,0
DA:179,0
DA:180,0
DA:181,0
DA:184,0
DA:187,0
DA:191,0
DA:192,0
DA:193,0
DA:194,0
DA:196,0
DA:207,0
DA:208,0
DA:209,0
DA:213,0
DA:214,0
DA:216,0
DA:217,0
DA:218,0
DA:221,0
DA:222,0
DA:230,0
DA:247,0
DA:248,0
DA:252,0
DA:256,0
DA:257,0
DA:259,0
DA:260,0
DA:261,0
DA:265,0
DA:270,0
DA:273,0
DA:274,0
DA:275,0
DA:278,0
DA:279,0
DA:296,0
DA:297,0
DA:301,0
DA:302,0
DA:304,0
DA:305,0
DA:308,0
DA:309,0
DA:311,0
LF:94
LH:0
BRDA:71,0,0,0
BRDA:92,1,0,0
BRDA:121,2,0,0
BRDA:121,2,1,0
BRDA:122,3,0,0
BRDA:122,3,1,0
BRDA:145,4,0,0
BRDA:146,5,0,0
BRDA:149,6,0,0
BRDA:150,7,0,0
BRDA:156,8,0,0
BRDA:161,9,0,0
BRDA:161,10,0,0
BRDA:161,10,1,0
BRDA:164,11,0,0
BRDA:164,11,1,0
BRDA:164,11,2,0
BRDA:174,12,0,0
BRDA:174,12,1,0
BRDA:176,13,0,0
BRDA:176,13,1,0
BRDA:178,14,0,0
BRDA:178,14,1,0
BRDA:180,15,0,0
BRDA:180,15,1,0
BRDA:187,16,0,0
BRDA:187,16,1,0
BRDA:209,17,0,0
BRDA:209,17,1,0
BRDA:217,18,0,0
BRDA:225,19,0,0
BRDA:225,19,1,0
BRDA:226,20,0,0
BRDA:226,20,1,0
BRDA:228,21,0,0
BRDA:228,21,1,0
BRDA:229,22,0,0
BRDA:229,22,1,0
BRDA:260,23,0,0
BRDA:265,24,0,0
BRDA:266,25,0,0
BRDA:266,25,1,0
BRDA:266,25,2,0
BRDA:266,25,3,0
BRDA:274,26,0,0
BRDA:291,27,0,0
BRDA:291,27,1,0
BRDA:304,28,0,0
BRF:48
BRH:0
end_of_record
TN:
SF:src\lib\utils.ts
FN:4,cn
FNF:1
FNH:0
FNDA:0,cn
DA:1,0
DA:2,0
DA:4,0
DA:5,0
LF:4
LH:0
BRF:0
BRH:0
end_of_record
TN:
SF:src\pages\Index.tsx
FN:4,(anonymous_1)
FNF:1
FNH:0
FNDA:0,(anonymous_1)
DA:2,0
DA:4,0
DA:5,0
DA:8,0
LF:4
LH:0
BRF:0
BRH:0
end_of_record
